2021-08-30 13:01:29,565 INFO  [GenericFunctions] I am in onStart method Chrome-Execution 
2021-08-30 13:01:44,759 INFO  [GenericFunctions] I am in onTestStart method tC_ES_010_VerifyThatUserCanCreateWorkorderAsLive start , I am in onTestStart class TC_ES_010_VerifyThatUserCanCreateWorkorderAsLive start 
2021-08-30 13:04:56,589 INFO  [GenericFunctions] I am in onTestFailure method tC_ES_010_VerifyThatUserCanCreateWorkorderAsLive failed, I am in onTestFailure class TC_ES_010_VerifyThatUserCanCreateWorkorderAsLive failed 
2021-08-30 13:05:09,435 INFO  [GenericFunctions] I am in onTestStart method tc_ES_01_VerifyNewSalesAgentCreationUnderFranchise start , I am in onTestStart class TC_ES_01_VerifyNewSalesAgentCreationUnderFranchise start 
2021-08-30 13:06:58,379 INFO  [GenericFunctions] I am in onTestSuccess method tc_ES_01_VerifyNewSalesAgentCreationUnderFranchise succeed , I am in onTestSuccess class TC_ES_01_VerifyNewSalesAgentCreationUnderFranchise succeed 
2021-08-30 13:07:20,591 INFO  [GenericFunctions] I am in onTestStart method tc_ES_02_VerifyRegisterCustomerWithPromoCode start , I am in onTestStart class TC_ES_02_VerifyRegisterCustomerWithPromoCode start 
2021-08-30 13:08:09,046 INFO  [GenericFunctions] I am in onTestFailure method tc_ES_02_VerifyRegisterCustomerWithPromoCode failed, I am in onTestFailure class TC_ES_02_VerifyRegisterCustomerWithPromoCode failed 
2021-08-30 13:08:26,305 INFO  [GenericFunctions] I am in onTestStart method tc_ES_03_VerifyUserRegistrationAsCreditLimitCustomer start , I am in onTestStart class TC_ES_03_VerifyUserRegistrationAsCreditLimitCustomer start 
2021-08-30 13:11:01,147 INFO  [GenericFunctions] I am in onTestSuccess method tc_ES_03_VerifyUserRegistrationAsCreditLimitCustomer succeed , I am in onTestSuccess class TC_ES_03_VerifyUserRegistrationAsCreditLimitCustomer succeed 
2021-08-30 13:12:03,112 INFO  [GenericFunctions] I am in onTestStart method tc_ES_04_CreateInstantQuoteWithinCountry start , I am in onTestStart class TC_ES_04_CreateAndVerifyInstantQuoteWithinCountry start 
2021-08-30 13:13:34,509 INFO  [GenericFunctions] I am in onTestFailure method tc_ES_04_CreateInstantQuoteWithinCountry failed, I am in onTestFailure class TC_ES_04_CreateAndVerifyInstantQuoteWithinCountry failed 
2021-08-30 13:13:50,164 INFO  [GenericFunctions] I am in onTestStart method tc_ES_05_VerifyNewlyCreatedUserAbleToCreateQuickQuota start , I am in onTestStart class TC_ES_05_VerifyNewlyCreatedUserAbleToCreateQuickQuota start 
2021-08-30 13:16:36,616 INFO  [GenericFunctions] I am in onTestFailure method tc_ES_05_VerifyNewlyCreatedUserAbleToCreateQuickQuota failed, I am in onTestFailure class TC_ES_05_VerifyNewlyCreatedUserAbleToCreateQuickQuota failed 
2021-08-30 13:16:51,985 INFO  [GenericFunctions] I am in onTestStart method tc_ES_06_VerifyNewlyCreatedUserAbleToCreateQuickQuotaFromCAToUS start , I am in onTestStart class TC_ES_06_VerifyNewlyCreatedUserAbleToCreateQuickQuotaFromCAToUS start 
2021-08-30 13:18:07,438 INFO  [GenericFunctions] I am in onTestFailure method tc_ES_06_VerifyNewlyCreatedUserAbleToCreateQuickQuotaFromCAToUS failed, I am in onTestFailure class TC_ES_06_VerifyNewlyCreatedUserAbleToCreateQuickQuotaFromCAToUS failed 
2021-08-30 13:18:23,214 INFO  [GenericFunctions] I am in onTestStart method tc_ES_08_VerifyInternationalShipping start , I am in onTestStart class TC_ES_08_VerifyInternationalShipping start 
2021-08-30 13:20:14,068 INFO  [GenericFunctions] I am in onTestFailure method tc_ES_08_VerifyInternationalShipping failed, I am in onTestFailure class TC_ES_08_VerifyInternationalShipping failed 
2021-08-30 13:20:36,481 INFO  [GenericFunctions] I am in onTestStart method tc_ES_09_VerifyCreateShipmentTrackingAndDownload start , I am in onTestStart class TC_ES_09_VerifyCreateShipmentTrackingAndDownload start 
2021-08-30 13:21:58,623 INFO  [GenericFunctions] I am in onTestFailure method tc_ES_09_VerifyCreateShipmentTrackingAndDownload failed, I am in onTestFailure class TC_ES_09_VerifyCreateShipmentTrackingAndDownload failed 
2021-08-30 13:22:17,240 INFO  [GenericFunctions] I am in onTestStart method tC_ES_011_VerifyThatUserCanCreateWorkorderAsQuote start , I am in onTestStart class TC_ES_11_VerifyThatUserCanCreateWorkorderAsQuote start 
2021-08-30 13:24:17,069 INFO  [GenericFunctions] I am in onTestSuccess method tC_ES_011_VerifyThatUserCanCreateWorkorderAsQuote succeed , I am in onTestSuccess class TC_ES_11_VerifyThatUserCanCreateWorkorderAsQuote succeed 
2021-08-30 13:24:37,625 INFO  [GenericFunctions] I am in onTestStart method tc_ES_12_verifyStoreAddedInShopify start , I am in onTestStart class TC_ES_12_VerifyTheAddedStoreInShopifyPlatformIsReflectedInEsh start 
2021-08-30 13:25:45,370 INFO  [GenericFunctions] I am in onTestFailure method tc_ES_12_verifyStoreAddedInShopify failed, I am in onTestFailure class TC_ES_12_VerifyTheAddedStoreInShopifyPlatformIsReflectedInEsh failed 
2021-08-30 13:25:58,115 INFO  [GenericFunctions] I am in onTestStart method tc_ES_13_verifyProductSync start , I am in onTestStart class TC_ES_13_VerifyProductSync start 
2021-08-30 13:26:27,196 INFO  [GenericFunctions] I am in onTestSuccess method tc_ES_13_verifyProductSync succeed , I am in onTestSuccess class TC_ES_13_VerifyProductSync succeed 
2021-08-30 13:26:42,361 INFO  [GenericFunctions] I am in onTestStart method tc_ES_14_verifyUserAbleToPlaceOrder start , I am in onTestStart class TC_ES_14_VerifyUserAbleToPlaceOrder start 
2021-08-30 13:30:07,742 INFO  [GenericFunctions] I am in onTestFailure method tc_ES_14_verifyUserAbleToPlaceOrder failed, I am in onTestFailure class TC_ES_14_VerifyUserAbleToPlaceOrder failed 
2021-08-30 13:30:20,885 INFO  [GenericFunctions] I am in onTestStart method tc_ES_15_verifyUserAbleToPlaceOrderWithThreeItems start , I am in onTestStart class TC_ES_15_verifyUserAbleToPlaceOrderWithThreeItems start 
2021-08-30 13:33:45,496 INFO  [GenericFunctions] I am in onTestFailure method tc_ES_15_verifyUserAbleToPlaceOrderWithThreeItems failed, I am in onTestFailure class TC_ES_15_verifyUserAbleToPlaceOrderWithThreeItems failed 
2021-08-30 13:34:00,173 INFO  [GenericFunctions] I am in onTestStart method tc_ES_16_VerifyNewClaimAdded start , I am in onTestStart class TC_ES_16_VerifyNewClaimAdded start 
2021-08-30 13:35:47,627 INFO  [GenericFunctions] I am in onTestFailure method tc_ES_16_VerifyNewClaimAdded failed, I am in onTestFailure class TC_ES_16_VerifyNewClaimAdded failed 
2021-08-30 13:36:05,459 INFO  [GenericFunctions] I am in onTestStart method tc_ES_17_VerifyNewTicketAdded start , I am in onTestStart class TC_ES_17_VerifyNewTicketAdded start 
2021-08-30 13:37:40,594 INFO  [GenericFunctions] I am in onTestFailure method tc_ES_17_VerifyNewTicketAdded failed, I am in onTestFailure class TC_ES_17_VerifyNewTicketAdded failed 
2021-08-30 13:37:57,973 INFO  [GenericFunctions] I am in onTestStart method tc_ES_18_saveAndVerifyShipment start , I am in onTestStart class TC_ES_18_CreateQuickQuoteAndVerifyInSavedQuote start 
2021-08-30 13:39:31,339 INFO  [GenericFunctions] I am in onTestFailure method tc_ES_18_saveAndVerifyShipment failed, I am in onTestFailure class TC_ES_18_CreateQuickQuoteAndVerifyInSavedQuote failed 
2021-08-30 13:39:49,366 INFO  [GenericFunctions] I am in onTestStart method tc_ES_19_saveAndVerifyQuickQuote start , I am in onTestStart class TC_ES_19_CreateShipmentAndVerifyInSavedQuote start 
2021-08-30 13:40:28,151 INFO  [GenericFunctions] I am in onTestFailure method tc_ES_19_saveAndVerifyQuickQuote failed, I am in onTestFailure class TC_ES_19_CreateShipmentAndVerifyInSavedQuote failed 
2021-08-30 13:40:44,535 INFO  [GenericFunctions] I am in onTestStart method tc_ES_20_VerifyViewAndAddEDIFile start , I am in onTestStart class TC_ES_20_VerifyViewAndAddEDIFile start 
2021-08-30 13:41:17,442 INFO  [GenericFunctions] I am in onTestSuccess method tc_ES_20_VerifyViewAndAddEDIFile succeed , I am in onTestSuccess class TC_ES_20_VerifyViewAndAddEDIFile succeed 
2021-08-30 13:41:37,384 INFO  [GenericFunctions] I am in onTestStart method tc_ES_21_VerifyUserIsAbleToAddEditViewCommissions start , I am in onTestStart class TC_ES_21_VerifyUserIsAbleToAddEditViewCommissions start 
2021-08-30 13:41:55,632 INFO  [GenericFunctions] I am in onTestSuccess method tc_ES_21_VerifyUserIsAbleToAddEditViewCommissions succeed , I am in onTestSuccess class TC_ES_21_VerifyUserIsAbleToAddEditViewCommissions succeed 
2021-08-30 13:42:15,521 INFO  [GenericFunctions] I am in onTestStart method tc_ES_22_VerifyUserAbleToViewCarriers start , I am in onTestStart class TC_ES_22_VerifyUserAbleToViewCarriers start 
2021-08-30 13:45:37,116 INFO  [GenericFunctions] I am in onTestFailure method tc_ES_22_VerifyUserAbleToViewCarriers failed, I am in onTestFailure class TC_ES_22_VerifyUserAbleToViewCarriers failed 
2021-08-30 13:45:54,429 INFO  [GenericFunctions] I am in onTestStart method tc_ES_23_VerifyUserRegistrationAsCreditCardCustomer start , I am in onTestStart class TC_ES_23_VerifyUserRegistrationAsCreditCardCustomer start 
2021-08-30 13:48:12,005 INFO  [GenericFunctions] I am in onTestSuccess method tc_ES_23_VerifyUserRegistrationAsCreditCardCustomer succeed , I am in onTestSuccess class TC_ES_23_VerifyUserRegistrationAsCreditCardCustomer succeed 
2021-08-30 13:48:26,830 INFO  [GenericFunctions] I am in onTestStart method tc_ES_24_VerifyUserAbleToBulkTrackShipment start , I am in onTestStart class TC_ES_24_VerifyUserAbleToBulkTrackShipment start 
2021-08-30 13:49:14,420 INFO  [GenericFunctions] I am in onTestFailure method tc_ES_24_VerifyUserAbleToBulkTrackShipment failed, I am in onTestFailure class TC_ES_24_VerifyUserAbleToBulkTrackShipment failed 
2021-08-30 13:49:32,232 INFO  [GenericFunctions] I am in onTestStart method tc_ES_CreateInstantQuoteToOutsideCountry start , I am in onTestStart class TC_ES_CreateAndVerifyInstantQuoteToOutsideCountry start 
2021-08-30 13:50:03,347 INFO  [GenericFunctions] I am in onTestSuccess method tc_ES_CreateInstantQuoteToOutsideCountry succeed , I am in onTestSuccess class TC_ES_CreateAndVerifyInstantQuoteToOutsideCountry succeed 
2021-08-30 13:50:13,783 INFO  [GenericFunctions] I am in onFinish method Chrome-Execution 
2021-08-30 17:23:28,920 INFO  [GenericFunctions] I am in onStart method Chrome-Execution 
2021-08-30 17:23:45,039 INFO  [GenericFunctions] I am in onTestStart method tC_ES_010_VerifyThatUserCanCreateWorkorderAsLive start , I am in onTestStart class TC_ES_010_VerifyThatUserCanCreateWorkorderAsLive start 
2021-08-30 17:24:30,816 INFO  [GenericFunctions] I am in onTestFailure method tC_ES_010_VerifyThatUserCanCreateWorkorderAsLive failed, I am in onTestFailure class TC_ES_010_VerifyThatUserCanCreateWorkorderAsLive failed 
2021-08-30 17:24:45,396 INFO  [GenericFunctions] I am in onTestStart method tc_ES_01_VerifyNewSalesAgentCreationUnderFranchise start , I am in onTestStart class TC_ES_01_VerifyNewSalesAgentCreationUnderFranchise start 
2021-08-30 17:26:38,755 INFO  [GenericFunctions] I am in onTestSuccess method tc_ES_01_VerifyNewSalesAgentCreationUnderFranchise succeed , I am in onTestSuccess class TC_ES_01_VerifyNewSalesAgentCreationUnderFranchise succeed 
2021-08-30 17:27:01,252 INFO  [GenericFunctions] I am in onTestStart method tc_ES_02_VerifyRegisterCustomerWithPromoCode start , I am in onTestStart class TC_ES_02_VerifyRegisterCustomerWithPromoCode start 
2021-08-30 17:27:50,604 INFO  [GenericFunctions] I am in onTestFailure method tc_ES_02_VerifyRegisterCustomerWithPromoCode failed, I am in onTestFailure class TC_ES_02_VerifyRegisterCustomerWithPromoCode failed 
2021-08-30 17:28:12,463 INFO  [GenericFunctions] I am in onTestStart method tc_ES_03_VerifyUserRegistrationAsCreditLimitCustomer start , I am in onTestStart class TC_ES_03_VerifyUserRegistrationAsCreditLimitCustomer start 
2021-08-30 17:30:50,082 INFO  [GenericFunctions] I am in onTestSuccess method tc_ES_03_VerifyUserRegistrationAsCreditLimitCustomer succeed , I am in onTestSuccess class TC_ES_03_VerifyUserRegistrationAsCreditLimitCustomer succeed 
2021-08-30 17:31:13,946 INFO  [GenericFunctions] I am in onTestStart method tc_ES_04_CreateInstantQuoteWithinCountry start , I am in onTestStart class TC_ES_04_CreateAndVerifyInstantQuoteWithinCountry start 
2021-08-30 17:33:26,850 INFO  [GenericFunctions] I am in onTestFailure method tc_ES_04_CreateInstantQuoteWithinCountry failed, I am in onTestFailure class TC_ES_04_CreateAndVerifyInstantQuoteWithinCountry failed 
2021-08-30 17:33:44,499 INFO  [GenericFunctions] I am in onTestStart method tc_ES_05_VerifyNewlyCreatedUserAbleToCreateQuickQuota start , I am in onTestStart class TC_ES_05_VerifyNewlyCreatedUserAbleToCreateQuickQuota start 
2021-08-30 17:34:57,980 INFO  [GenericFunctions] I am in onTestFailure method tc_ES_05_VerifyNewlyCreatedUserAbleToCreateQuickQuota failed, I am in onTestFailure class TC_ES_05_VerifyNewlyCreatedUserAbleToCreateQuickQuota failed 
2021-08-30 17:35:19,890 INFO  [GenericFunctions] I am in onTestStart method tc_ES_06_VerifyNewlyCreatedUserAbleToCreateQuickQuotaFromCAToUS start , I am in onTestStart class TC_ES_06_VerifyNewlyCreatedUserAbleToCreateQuickQuotaFromCAToUS start 
2021-08-30 17:36:37,380 INFO  [GenericFunctions] I am in onTestFailure method tc_ES_06_VerifyNewlyCreatedUserAbleToCreateQuickQuotaFromCAToUS failed, I am in onTestFailure class TC_ES_06_VerifyNewlyCreatedUserAbleToCreateQuickQuotaFromCAToUS failed 
2021-08-30 17:37:00,149 INFO  [GenericFunctions] I am in onTestStart method tc_ES_08_VerifyInternationalShipping start , I am in onTestStart class TC_ES_08_VerifyInternationalShipping start 
2021-08-30 17:38:50,559 INFO  [GenericFunctions] I am in onTestFailure method tc_ES_08_VerifyInternationalShipping failed, I am in onTestFailure class TC_ES_08_VerifyInternationalShipping failed 
2021-08-30 17:39:11,180 INFO  [GenericFunctions] I am in onTestStart method tc_ES_09_VerifyCreateShipmentTrackingAndDownload start , I am in onTestStart class TC_ES_09_VerifyCreateShipmentTrackingAndDownload start 
2021-08-30 17:40:33,576 INFO  [GenericFunctions] I am in onTestFailure method tc_ES_09_VerifyCreateShipmentTrackingAndDownload failed, I am in onTestFailure class TC_ES_09_VerifyCreateShipmentTrackingAndDownload failed 
2021-08-30 17:40:55,100 INFO  [GenericFunctions] I am in onTestStart method tC_ES_011_VerifyThatUserCanCreateWorkorderAsQuote start , I am in onTestStart class TC_ES_11_VerifyThatUserCanCreateWorkorderAsQuote start 
2021-08-30 17:41:38,757 INFO  [GenericFunctions] I am in onTestFailure method tC_ES_011_VerifyThatUserCanCreateWorkorderAsQuote failed, I am in onTestFailure class TC_ES_11_VerifyThatUserCanCreateWorkorderAsQuote failed 
2021-08-30 17:41:59,927 INFO  [GenericFunctions] I am in onTestStart method tc_ES_12_verifyStoreAddedInShopify start , I am in onTestStart class TC_ES_12_VerifyTheAddedStoreInShopifyPlatformIsReflectedInEsh start 
2021-08-30 17:43:07,726 INFO  [GenericFunctions] I am in onTestFailure method tc_ES_12_verifyStoreAddedInShopify failed, I am in onTestFailure class TC_ES_12_VerifyTheAddedStoreInShopifyPlatformIsReflectedInEsh failed 
2021-08-30 17:43:22,577 INFO  [GenericFunctions] I am in onTestStart method tc_ES_13_verifyProductSync start , I am in onTestStart class TC_ES_13_VerifyProductSync start 
2021-08-30 17:43:51,225 INFO  [GenericFunctions] I am in onTestSuccess method tc_ES_13_verifyProductSync succeed , I am in onTestSuccess class TC_ES_13_VerifyProductSync succeed 
2021-08-30 17:44:11,917 INFO  [GenericFunctions] I am in onTestStart method tc_ES_14_verifyUserAbleToPlaceOrder start , I am in onTestStart class TC_ES_14_VerifyUserAbleToPlaceOrder start 
2021-08-30 17:47:37,664 INFO  [GenericFunctions] I am in onTestFailure method tc_ES_14_verifyUserAbleToPlaceOrder failed, I am in onTestFailure class TC_ES_14_VerifyUserAbleToPlaceOrder failed 
2021-08-30 17:47:53,713 INFO  [GenericFunctions] I am in onTestStart method tc_ES_15_verifyUserAbleToPlaceOrderWithThreeItems start , I am in onTestStart class TC_ES_15_verifyUserAbleToPlaceOrderWithThreeItems start 
2021-08-30 17:49:24,010 INFO  [GenericFunctions] I am in onTestFailure method tc_ES_15_verifyUserAbleToPlaceOrderWithThreeItems failed, I am in onTestFailure class TC_ES_15_verifyUserAbleToPlaceOrderWithThreeItems failed 
2021-08-30 17:49:38,382 INFO  [GenericFunctions] I am in onTestStart method tc_ES_16_VerifyNewClaimAdded start , I am in onTestStart class TC_ES_16_VerifyNewClaimAdded start 
2021-08-30 17:51:26,304 INFO  [GenericFunctions] I am in onTestFailure method tc_ES_16_VerifyNewClaimAdded failed, I am in onTestFailure class TC_ES_16_VerifyNewClaimAdded failed 
2021-08-30 17:51:45,103 INFO  [GenericFunctions] I am in onTestStart method tc_ES_17_VerifyNewTicketAdded start , I am in onTestStart class TC_ES_17_VerifyNewTicketAdded start 
2021-08-30 17:53:20,718 INFO  [GenericFunctions] I am in onTestFailure method tc_ES_17_VerifyNewTicketAdded failed, I am in onTestFailure class TC_ES_17_VerifyNewTicketAdded failed 
2021-08-30 17:53:39,162 INFO  [GenericFunctions] I am in onTestStart method tc_ES_18_saveAndVerifyShipment start , I am in onTestStart class TC_ES_18_CreateQuickQuoteAndVerifyInSavedQuote start 
2021-08-30 17:55:14,033 INFO  [GenericFunctions] I am in onTestFailure method tc_ES_18_saveAndVerifyShipment failed, I am in onTestFailure class TC_ES_18_CreateQuickQuoteAndVerifyInSavedQuote failed 
2021-08-30 17:55:30,987 INFO  [GenericFunctions] I am in onTestStart method tc_ES_19_saveAndVerifyQuickQuote start , I am in onTestStart class TC_ES_19_CreateShipmentAndVerifyInSavedQuote start 
2021-08-30 17:57:05,757 INFO  [GenericFunctions] I am in onTestFailure method tc_ES_19_saveAndVerifyQuickQuote failed, I am in onTestFailure class TC_ES_19_CreateShipmentAndVerifyInSavedQuote failed 
2021-08-30 17:57:22,671 INFO  [GenericFunctions] I am in onTestStart method tc_ES_20_VerifyViewAndAddEDIFile start , I am in onTestStart class TC_ES_20_VerifyViewAndAddEDIFile start 
2021-08-30 17:57:55,838 INFO  [GenericFunctions] I am in onTestSuccess method tc_ES_20_VerifyViewAndAddEDIFile succeed , I am in onTestSuccess class TC_ES_20_VerifyViewAndAddEDIFile succeed 
2021-08-30 17:58:17,911 INFO  [GenericFunctions] I am in onTestStart method tc_ES_21_VerifyUserIsAbleToAddEditViewCommissions start , I am in onTestStart class TC_ES_21_VerifyUserIsAbleToAddEditViewCommissions start 
2021-08-30 17:58:36,043 INFO  [GenericFunctions] I am in onTestSuccess method tc_ES_21_VerifyUserIsAbleToAddEditViewCommissions succeed , I am in onTestSuccess class TC_ES_21_VerifyUserIsAbleToAddEditViewCommissions succeed 
2021-08-30 17:58:56,909 INFO  [GenericFunctions] I am in onTestStart method tc_ES_22_VerifyUserAbleToViewCarriers start , I am in onTestStart class TC_ES_22_VerifyUserAbleToViewCarriers start 
2021-08-30 18:00:42,506 INFO  [GenericFunctions] I am in onTestFailure method tc_ES_22_VerifyUserAbleToViewCarriers failed, I am in onTestFailure class TC_ES_22_VerifyUserAbleToViewCarriers failed 
2021-08-30 18:00:59,511 INFO  [GenericFunctions] I am in onTestStart method tc_ES_23_VerifyUserRegistrationAsCreditCardCustomer start , I am in onTestStart class TC_ES_23_VerifyUserRegistrationAsCreditCardCustomer start 
2021-08-30 18:03:19,653 INFO  [GenericFunctions] I am in onTestSuccess method tc_ES_23_VerifyUserRegistrationAsCreditCardCustomer succeed , I am in onTestSuccess class TC_ES_23_VerifyUserRegistrationAsCreditCardCustomer succeed 
2021-08-30 18:03:34,680 INFO  [GenericFunctions] I am in onTestStart method tc_ES_24_VerifyUserAbleToBulkTrackShipment start , I am in onTestStart class TC_ES_24_VerifyUserAbleToBulkTrackShipment start 
2021-08-30 18:04:20,963 INFO  [GenericFunctions] I am in onTestFailure method tc_ES_24_VerifyUserAbleToBulkTrackShipment failed, I am in onTestFailure class TC_ES_24_VerifyUserAbleToBulkTrackShipment failed 
2021-08-30 18:04:42,646 INFO  [GenericFunctions] I am in onTestStart method tc_ES_CreateInstantQuoteToOutsideCountry start , I am in onTestStart class TC_ES_CreateAndVerifyInstantQuoteToOutsideCountry start 
2021-08-30 18:05:13,350 INFO  [GenericFunctions] I am in onTestSuccess method tc_ES_CreateInstantQuoteToOutsideCountry succeed , I am in onTestSuccess class TC_ES_CreateAndVerifyInstantQuoteToOutsideCountry succeed 
2021-08-30 18:05:22,864 INFO  [GenericFunctions] I am in onFinish method Chrome-Execution 
